{"/workspaces/venhaparaleds-lowcode/backend/index.js": {"path":"/workspaces/venhaparaleds-lowcode/backend/index.js","statementMap":{"0":{"start":{"line":1,"column":0},"end":{"line":1,"column":27}},"1":{"start":{"line":2,"column":16},"end":{"line":2,"column":34}},"2":{"start":{"line":3,"column":17},"end":{"line":3,"column":30}},"3":{"start":{"line":4,"column":12},"end":{"line":4,"column":21}},"4":{"start":{"line":5,"column":13},"end":{"line":5,"column":37}},"5":{"start":{"line":8,"column":13},"end":{"line":10,"column":2}},"6":{"start":{"line":14,"column":2},"end":{"line":14,"column":22}},"7":{"start":{"line":14,"column":12},"end":{"line":14,"column":22}},"8":{"start":{"line":15,"column":18},"end":{"line":15,"column":28}},"9":{"start":{"line":16,"column":2},"end":{"line":18,"column":3}},"10":{"start":{"line":17,"column":4},"end":{"line":17,"column":63}},"11":{"start":{"line":19,"column":2},"end":{"line":19,"column":12}},"12":{"start":{"line":23,"column":0},"end":{"line":45,"column":3}},"13":{"start":{"line":24,"column":19},"end":{"line":24,"column":39}},"14":{"start":{"line":25,"column":16},"end":{"line":25,"column":36}},"15":{"start":{"line":27,"column":2},"end":{"line":44,"column":3}},"16":{"start":{"line":30,"column":4},"end":{"line":38,"column":5}},"17":{"start":{"line":31,"column":20},"end":{"line":34,"column":7}},"18":{"start":{"line":35,"column":6},"end":{"line":35,"column":48}},"19":{"start":{"line":37,"column":6},"end":{"line":37,"column":61}},"20":{"start":{"line":40,"column":4},"end":{"line":40,"column":26}},"21":{"start":{"line":42,"column":4},"end":{"line":42,"column":44}},"22":{"start":{"line":43,"column":4},"end":{"line":43,"column":64}},"23":{"start":{"line":47,"column":0},"end":{"line":49,"column":3}},"24":{"start":{"line":48,"column":2},"end":{"line":48,"column":51}},"25":{"start":{"line":51,"column":0},"end":{"line":51,"column":21}},"26":{"start":{"line":53,"column":0},"end":{"line":57,"column":1}},"27":{"start":{"line":54,"column":2},"end":{"line":56,"column":5}},"28":{"start":{"line":55,"column":4},"end":{"line":55,"column":50}}},"fnMap":{"0":{"name":"parseLista","decl":{"start":{"line":13,"column":9},"end":{"line":13,"column":19}},"loc":{"start":{"line":13,"column":25},"end":{"line":20,"column":1}},"line":13},"1":{"name":"(anonymous_1)","decl":{"start":{"line":23,"column":22},"end":{"line":23,"column":23}},"loc":{"start":{"line":23,"column":42},"end":{"line":45,"column":1}},"line":23},"2":{"name":"(anonymous_2)","decl":{"start":{"line":47,"column":17},"end":{"line":47,"column":18}},"loc":{"start":{"line":47,"column":23},"end":{"line":49,"column":1}},"line":47},"3":{"name":"(anonymous_3)","decl":{"start":{"line":54,"column":19},"end":{"line":54,"column":20}},"loc":{"start":{"line":54,"column":25},"end":{"line":56,"column":3}},"line":54}},"branchMap":{"0":{"loc":{"start":{"line":5,"column":13},"end":{"line":5,"column":37}},"type":"binary-expr","locations":[{"start":{"line":5,"column":13},"end":{"line":5,"column":29}},{"start":{"line":5,"column":33},"end":{"line":5,"column":37}}],"line":5},"1":{"loc":{"start":{"line":14,"column":2},"end":{"line":14,"column":22}},"type":"if","locations":[{"start":{"line":14,"column":2},"end":{"line":14,"column":22}},{"start":{},"end":{}}],"line":14},"2":{"loc":{"start":{"line":16,"column":2},"end":{"line":18,"column":3}},"type":"if","locations":[{"start":{"line":16,"column":2},"end":{"line":18,"column":3}},{"start":{},"end":{}}],"line":16},"3":{"loc":{"start":{"line":16,"column":6},"end":{"line":16,"column":54}},"type":"binary-expr","locations":[{"start":{"line":16,"column":6},"end":{"line":16,"column":29}},{"start":{"line":16,"column":33},"end":{"line":16,"column":54}}],"line":16},"4":{"loc":{"start":{"line":30,"column":4},"end":{"line":38,"column":5}},"type":"if","locations":[{"start":{"line":30,"column":4},"end":{"line":38,"column":5}},{"start":{"line":36,"column":11},"end":{"line":38,"column":5}}],"line":30},"5":{"loc":{"start":{"line":53,"column":0},"end":{"line":57,"column":1}},"type":"if","locations":[{"start":{"line":53,"column":0},"end":{"line":57,"column":1}},{"start":{},"end":{}}],"line":53}},"s":{"0":1,"1":1,"2":1,"3":1,"4":1,"5":1,"6":1,"7":1,"8":0,"9":0,"10":0,"11":0,"12":1,"13":1,"14":1,"15":1,"16":1,"17":0,"18":0,"19":1,"20":1,"21":0,"22":0,"23":1,"24":1,"25":1,"26":1,"27":0,"28":0},"f":{"0":1,"1":1,"2":1,"3":0},"b":{"0":[1,1],"1":[1,0],"2":[0,0],"3":[0,0],"4":[0,1],"5":[0,1]},"_coverageSchema":"1a1c01bbd47fc00a2c39e90264f33305004495a9","hash":"4093c0752d52c37b8c5558273a7912b82e5ea7f0"}
}
