{"/workspaces/venhaparaleds-lowcode/backend/index.js": {"path":"/workspaces/venhaparaleds-lowcode/backend/index.js","statementMap":{"0":{"start":{"line":1,"column":16},"end":{"line":1,"column":34}},"1":{"start":{"line":2,"column":17},"end":{"line":2,"column":30}},"2":{"start":{"line":3,"column":0},"end":{"line":3,"column":27}},"3":{"start":{"line":5,"column":12},"end":{"line":5,"column":21}},"4":{"start":{"line":7,"column":13},"end":{"line":10,"column":2}},"5":{"start":{"line":12,"column":0},"end":{"line":25,"column":3}},"6":{"start":{"line":13,"column":2},"end":{"line":24,"column":3}},"7":{"start":{"line":14,"column":28},"end":{"line":14,"column":37}},"8":{"start":{"line":15,"column":18},"end":{"line":17,"column":35}},"9":{"start":{"line":19,"column":19},"end":{"line":19,"column":42}},"10":{"start":{"line":20,"column":4},"end":{"line":20,"column":26}},"11":{"start":{"line":22,"column":4},"end":{"line":22,"column":62}},"12":{"start":{"line":23,"column":4},"end":{"line":23,"column":66}},"13":{"start":{"line":27,"column":0},"end":{"line":27,"column":21}}},"fnMap":{"0":{"name":"(anonymous_0)","decl":{"start":{"line":12,"column":22},"end":{"line":12,"column":23}},"loc":{"start":{"line":12,"column":42},"end":{"line":25,"column":1}},"line":12}},"branchMap":{"0":{"loc":{"start":{"line":15,"column":18},"end":{"line":17,"column":35}},"type":"cond-expr","locations":[{"start":{"line":16,"column":8},"end":{"line":16,"column":74}},{"start":{"line":17,"column":8},"end":{"line":17,"column":35}}],"line":15}},"s":{"0":1,"1":1,"2":1,"3":1,"4":1,"5":1,"6":1,"7":1,"8":1,"9":1,"10":1,"11":0,"12":0,"13":1},"f":{"0":1},"b":{"0":[0,1]},"_coverageSchema":"1a1c01bbd47fc00a2c39e90264f33305004495a9","hash":"269add6123999c352d527f93dae24047c50bdb44"}
}
