TN:
SF:db.js
FNF:0
FNH:0
DA:1,2
DA:2,2
DA:4,2
DA:9,2
LF:4
LH:4
BRDA:6,0,0,0
BRDA:6,0,1,2
BRF:2
BRH:1
end_of_record
TN:
SF:index.js
FNF:0
FNH:0
DA:1,2
DA:2,2
DA:4,2
DA:6,2
DA:8,2
DA:10,2
LF:6
LH:6
BRF:0
BRH:0
end_of_record
TN:
SF:src/controllers/concursosController
FN:3,getConcursos
FNF:1
FNH:1
FNDA:4,getConcursos
DA:1,2
DA:4,4
DA:5,4
DA:6,4
DA:7,4
DA:9,0
DA:10,0
DA:14,2
LF:8
LH:6
BRF:0
BRH:0
end_of_record
TN:
SF:src/models/concursosModel.js
FN:3,findConcursosByCapacidades
FNF:1
FNH:1
FNDA:4,findConcursosByCapacidades
DA:1,2
DA:4,4
DA:5,4
DA:7,4
DA:8,4
DA:9,4
DA:12,4
DA:13,4
DA:16,2
LF:9
LH:9
BRDA:7,0,0,4
BRDA:7,0,1,0
BRDA:7,1,0,4
BRDA:7,1,1,4
BRF:4
BRH:3
end_of_record
TN:
SF:src/routes/concursosRoutes.js
FNF:0
FNH:0
DA:1,2
DA:2,2
DA:4,2
DA:6,2
DA:8,2
LF:5
LH:5
BRF:0
BRH:0
end_of_record
TN:
SF:src/services/concursosService.js
FN:3,buscarConcursos
FN:7,(anonymous_1)
FNF:2
FNH:2
FNDA:4,buscarConcursos
FNDA:4,(anonymous_1)
DA:1,2
DA:4,4
DA:6,4
DA:7,4
DA:10,4
DA:11,4
DA:14,2
LF:7
LH:7
BRDA:6,0,0,4
BRDA:6,0,1,0
BRF:2
BRH:1
end_of_record
