TN:
SF:index.js
FN:13,parseLista
FN:23,(anonymous_1)
FN:47,(anonymous_2)
FN:54,(anonymous_3)
FNF:4
FNH:3
FNDA:1,parseLista
FNDA:1,(anonymous_1)
FNDA:1,(anonymous_2)
FNDA:0,(anonymous_3)
DA:1,1
DA:2,1
DA:3,1
DA:4,1
DA:5,1
DA:8,1
DA:14,1
DA:15,0
DA:16,0
DA:17,0
DA:19,0
DA:23,1
DA:24,1
DA:25,1
DA:27,1
DA:30,1
DA:31,0
DA:35,0
DA:37,1
DA:40,1
DA:42,0
DA:43,0
DA:47,1
DA:48,1
DA:51,1
DA:53,1
DA:54,0
DA:55,0
LF:28
LH:18
BRDA:5,0,0,1
BRDA:5,0,1,1
BRDA:14,1,0,1
BRDA:14,1,1,0
BRDA:16,2,0,0
BRDA:16,2,1,0
BRDA:16,3,0,0
BRDA:16,3,1,0
BRDA:30,4,0,0
BRDA:30,4,1,1
BRDA:53,5,0,0
BRDA:53,5,1,1
BRF:12
BRH:5
end_of_record
